<?xml version="1.0" encoding="UTF-8"?>
<testng-results ignored="0" total="1" passed="1" failed="0" skipped="0">
  <reporter-output>
  </reporter-output>
  <suite started-at="2021-06-05T16:03:26 NZST" name="Default suite" finished-at="2021-06-05T16:03:38 NZST" duration-ms="11818">
    <groups>
    </groups>
    <test started-at="2021-06-05T16:03:26 NZST" name="Default test" finished-at="2021-06-05T16:03:38 NZST" duration-ms="11818">
      <class name="ParaBankWebPage.LoginTest">
        <test-method is-config="true" signature="beforeMethod()[pri:0, instance:ParaBankWebPage.LoginTest@3514a4c0]" started-at="2021-06-05T16:03:26 NZST" name="beforeMethod" finished-at="2021-06-05T16:03:34 NZST" duration-ms="8053" status="PASS">
          <reporter-output>
          </reporter-output>
        </test-method> <!-- beforeMethod -->
        <test-method signature="login()[pri:0, instance:ParaBankWebPage.LoginTest@3514a4c0]" started-at="2021-06-05T16:03:34 NZST" name="login" finished-at="2021-06-05T16:03:38 NZST" duration-ms="3705" status="PASS">
          <reporter-output>
          </reporter-output>
        </test-method> <!-- login -->
      </class> <!-- ParaBankWebPage.LoginTest -->
    </test> <!-- Default test -->
  </suite> <!-- Default suite -->
</testng-results>
