<?xml version="1.0" encoding="UTF-8"?>
<!-- Generated by org.testng.reporters.JUnitXMLReporter -->
<testsuite ignored="0" hostname="LAPTOP-NL4VL4N7" failures="1" tests="1" name="Test" time="15.17" errors="0" timestamp="2021-05-25T21:14:19 NZST">
  <testcase classname="parabankTestNG.login" name="log" time="1.084">
    <failure type="java.lang.AssertionError" message="expected [https://parabank.parasoft.com/parabank/login.htm;jsessionid=4467080ABDCB80CAEE1F6B158F52B140] but found [https://parabank.parasoft.com/parabank/overview.htm]">
      <![CDATA[java.lang.AssertionError: expected [https://parabank.parasoft.com/parabank/login.htm;jsessionid=4467080ABDCB80CAEE1F6B158F52B140] but found [https://parabank.parasoft.com/parabank/overview.htm]
at parabankTestNG.login.log(login.java:42)
at java.base/java.util.ArrayList.forEach(ArrayList.java:1540)
... Removed 33 stack frames]]>
    </failure>
  </testcase> <!-- log -->
</testsuite> <!-- Test -->
