<?xml version="1.0" encoding="UTF-8"?>
<!-- Generated by org.testng.reporters.JUnitXMLReporter -->
<testsuite ignored="0" hostname="LAPTOP-NL4VL4N7" failures="0" tests="3" name="TestSuite" time="33.906" errors="0" timestamp="2021-05-25T14:06:51 NZST">
  <testcase classname="parabankTestNG.RegTestNg" name="Reg" time="3.573"/>
  <testcase classname="parabankTestNG.login" name="log" time="2.078"/>
  <testcase classname="parabankTestNG.FundsTransfer" name="tf" time="0.814"/>
</testsuite> <!-- TestSuite -->
